This file contains any messages produced by compilers while
running configure, to aid debugging if configure makes a mistake.

It was created by libffi configure 3.4.6, which was
generated by GNU Autoconf 2.72.  Invocation command line was

  $ /Users/technotackle/StockAxis/vendor/bundle/ruby/2.6.0/gems/ffi-1.17.1/ext/ffi_c/libffi/configure --disable-shared --enable-static --with-pic=yes --disable-dependency-tracking --disable-docs --host=aarch64-apple-darwin23 --disable-shared --enable-static

## --------- ##
## Platform. ##
## --------- ##

hostname = TechnoTackles-MacBook-Air.local
uname -m = arm64
uname -r = 23.1.0
uname -s = Darwin
uname -v = Darwin Kernel Version 23.1.0: Mon Oct  9 21:28:12 PDT 2023; root:xnu-10002.41.9~6/RELEASE_ARM64_T8103

/usr/bin/uname -p = arm
/bin/uname -X     = unknown

/bin/arch              = unknown
/usr/bin/arch -k       = unknown
/usr/convex/getsysinfo = unknown
/usr/bin/hostinfo      = Mach kernel version:
	 Darwin Kernel Version 23.1.0: Mon Oct  9 21:28:12 PDT 2023; root:xnu-10002.41.9~6/RELEASE_ARM64_T8103
Kernel configured for up to 8 processors.
8 processors are physically available.
8 processors are logically available.
Processor type: arm64e (ARM64E)
Processors active: 0 1 2 3 4 5 6 7
Primary memory available: 8.00 gigabytes
Default processor set: 582 tasks, 2930 threads, 8 processors
Load average: 16.23, Mach factor: 0.52
/bin/machine           = unknown
/usr/bin/oslevel       = unknown
/bin/universe          = unknown

PATH: /Users/technotackle/.npm/_npx/270969bc0f7612b1/node_modules/.bin/
PATH: /Users/technotackle/node_modules/.bin/
PATH: /Users/node_modules/.bin/
PATH: /node_modules/.bin/
PATH: /opt/homebrew/lib/node_modules/npm/node_modules/@npmcli/run-script/lib/node-gyp-bin/
PATH: /opt/homebrew/bin/
PATH: /opt/homebrew/sbin/
PATH: /usr/local/bin/
PATH: /System/Cryptexes/App/usr/bin/
PATH: /usr/bin/
PATH: /bin/
PATH: /usr/sbin/
PATH: /sbin/
PATH: /var/run/com.apple.security.cryptexd/codex.system/bootstrap/usr/local/bin/
PATH: /var/run/com.apple.security.cryptexd/codex.system/bootstrap/usr/bin/
PATH: /var/run/com.apple.security.cryptexd/codex.system/bootstrap/usr/appleinternal/bin/
PATH: /Library/Apple/usr/bin/
PATH: /opt/homebrew/bin/
PATH: /opt/homebrew/sbin/
PATH: /Users/technotackle/Library/Android/sdk/emulator/
PATH: /Users/technotackle/Library/Android/sdk/platform-tools/
PATH: /Users/technotackle/Library/Android/sdk/emulator/
PATH: /Users/technotackle/Library/Android/sdk/platform-tools/


## ----------- ##
## Core tests. ##
## ----------- ##

configure:3041: looking for aux files: ltmain.sh compile missing install-sh config.guess config.sub
configure:3054:  trying /Users/technotackle/StockAxis/vendor/bundle/ruby/2.6.0/gems/ffi-1.17.1/ext/ffi_c/libffi/
configure:3083:   /Users/technotackle/StockAxis/vendor/bundle/ruby/2.6.0/gems/ffi-1.17.1/ext/ffi_c/libffi/ltmain.sh found
configure:3083:   /Users/technotackle/StockAxis/vendor/bundle/ruby/2.6.0/gems/ffi-1.17.1/ext/ffi_c/libffi/compile found
configure:3083:   /Users/technotackle/StockAxis/vendor/bundle/ruby/2.6.0/gems/ffi-1.17.1/ext/ffi_c/libffi/missing found
configure:3065:   /Users/technotackle/StockAxis/vendor/bundle/ruby/2.6.0/gems/ffi-1.17.1/ext/ffi_c/libffi/install-sh found
configure:3083:   /Users/technotackle/StockAxis/vendor/bundle/ruby/2.6.0/gems/ffi-1.17.1/ext/ffi_c/libffi/config.guess found
configure:3083:   /Users/technotackle/StockAxis/vendor/bundle/ruby/2.6.0/gems/ffi-1.17.1/ext/ffi_c/libffi/config.sub found
configure:3205: checking build system type
configure:3221: result: aarch64-apple-darwin23.1.0
configure:3241: checking host system type
configure:3256: result: aarch64-apple-darwin23
configure:3276: checking target system type
configure:3291: result: aarch64-apple-darwin23
configure:3390: checking for gsed
configure:3427: result: sed
configure:3456: checking for a BSD-compatible install
configure:3530: result: /usr/bin/install -c
configure:3541: checking whether build environment is sane
configure:3596: result: yes
configure:3648: checking for aarch64-apple-darwin23-strip
configure:3684: result: no
configure:3694: checking for strip
configure:3715: found /usr/bin/strip
configure:3727: result: strip
configure:3753: checking for a race-free mkdir -p
configure:3796: result: mkdir -p
configure:3803: checking for gawk
configure:3839: result: no
configure:3803: checking for mawk
configure:3839: result: no
configure:3803: checking for nawk
configure:3839: result: no
configure:3803: checking for awk
configure:3824: found /usr/bin/awk
configure:3836: result: awk
configure:3847: checking whether make sets $(MAKE)
configure:3871: result: yes
configure:3901: checking whether make supports nested variables
configure:3920: result: yes
configure:4084: checking for aarch64-apple-darwin23-gcc
configure:4117: result: xcrun clang
configure:4522: checking for C compiler version
configure:4531: xcrun clang --version >&5
Apple clang version 15.0.0 (clang-1500.1.0.2.5)
Target: arm64-apple-darwin23.1.0
Thread model: posix
InstalledDir: /Applications/Xcode.app/Contents/Developer/Toolchains/XcodeDefault.xctoolchain/usr/bin
configure:4542: $? = 0
configure:4531: xcrun clang -v >&5
Apple clang version 15.0.0 (clang-1500.1.0.2.5)
Target: arm64-apple-darwin23.1.0
Thread model: posix
InstalledDir: /Applications/Xcode.app/Contents/Developer/Toolchains/XcodeDefault.xctoolchain/usr/bin
configure:4542: $? = 0
configure:4531: xcrun clang -V >&5
clang: error: argument to '-V' is missing (expected 1 value)
clang: error: no input files
configure:4542: $? = 1
configure:4531: xcrun clang -qversion >&5
clang: error: unknown argument '-qversion'; did you mean '--version'?
clang: error: no input files
configure:4542: $? = 1
configure:4531: xcrun clang -version >&5
clang: error: unknown argument '-version'; did you mean '--version'?
clang: error: no input files
configure:4542: $? = 1
configure:4562: checking whether the C compiler works
configure:4584: xcrun clang    conftest.c  >&5
configure:4588: $? = 0
configure:4639: result: yes
configure:4643: checking for C compiler default output file name
configure:4645: result: a.out
configure:4651: checking for suffix of executables
configure:4658: xcrun clang -o conftest    conftest.c  >&5
configure:4662: $? = 0
configure:4686: result: 
configure:4710: checking whether we are cross compiling
configure:4718: xcrun clang -o conftest    conftest.c  >&5
configure:4722: $? = 0
configure:4729: ./conftest
configure:4733: $? = 0
configure:4748: result: no
configure:4754: checking for suffix of object files
configure:4777: xcrun clang -c   conftest.c >&5
configure:4781: $? = 0
configure:4805: result: o
configure:4809: checking whether the compiler supports GNU C
configure:4829: xcrun clang -c   conftest.c >&5
configure:4829: $? = 0
configure:4841: result: yes
configure:4852: checking whether xcrun clang accepts -g
configure:4873: xcrun clang -c -g  conftest.c >&5
configure:4873: $? = 0
configure:4920: result: yes
configure:4940: checking for xcrun clang option to enable C11 features
configure:4955: xcrun clang  -c   conftest.c >&5
configure:4955: $? = 0
configure:4974: result: none needed
configure:5098: checking whether xcrun clang understands -c and -o together
configure:5121: xcrun clang -c conftest.c -o conftest2.o
configure:5124: $? = 0
configure:5121: xcrun clang -c conftest.c -o conftest2.o
configure:5124: $? = 0
configure:5137: result: yes
configure:5157: checking whether make supports the include directive
configure:5172: make -f confmf.GNU && cat confinc.out
this is the am__doit target
configure:5175: $? = 0
configure:5194: result: yes (GNU style)
configure:5220: checking dependency style of xcrun clang
configure:5333: result: none
configure:5368: checking for aarch64-apple-darwin23-g++
configure:5404: result: no
configure:5368: checking for aarch64-apple-darwin23-c++
configure:5404: result: no
configure:5368: checking for aarch64-apple-darwin23-gpp
configure:5404: result: no
configure:5368: checking for aarch64-apple-darwin23-aCC
configure:5404: result: no
configure:5368: checking for aarch64-apple-darwin23-CC
configure:5404: result: no
configure:5368: checking for aarch64-apple-darwin23-cxx
configure:5404: result: no
configure:5368: checking for aarch64-apple-darwin23-cc++
configure:5404: result: no
configure:5368: checking for aarch64-apple-darwin23-cl.exe
configure:5404: result: no
configure:5368: checking for aarch64-apple-darwin23-FCC
configure:5404: result: no
configure:5368: checking for aarch64-apple-darwin23-KCC
configure:5404: result: no
configure:5368: checking for aarch64-apple-darwin23-RCC
configure:5404: result: no
configure:5368: checking for aarch64-apple-darwin23-xlC_r
configure:5404: result: no
configure:5368: checking for aarch64-apple-darwin23-xlC
configure:5404: result: no
configure:5368: checking for aarch64-apple-darwin23-clang++
configure:5404: result: no
configure:5418: checking for g++
configure:5439: found /usr/bin/g++
configure:5451: result: g++
configure:5478: checking for C++ compiler version
configure:5487: g++ --version >&5
Apple clang version 15.0.0 (clang-1500.1.0.2.5)
Target: arm64-apple-darwin23.1.0
Thread model: posix
InstalledDir: /Applications/Xcode.app/Contents/Developer/Toolchains/XcodeDefault.xctoolchain/usr/bin
configure:5498: $? = 0
configure:5487: g++ -v >&5
Apple clang version 15.0.0 (clang-1500.1.0.2.5)
Target: arm64-apple-darwin23.1.0
Thread model: posix
InstalledDir: /Applications/Xcode.app/Contents/Developer/Toolchains/XcodeDefault.xctoolchain/usr/bin
configure:5498: $? = 0
configure:5487: g++ -V >&5
clang: error: argument to '-V' is missing (expected 1 value)
clang: error: no input files
configure:5498: $? = 1
configure:5487: g++ -qversion >&5
clang: error: unknown argument '-qversion'; did you mean '--version'?
clang: error: no input files
configure:5498: $? = 1
configure:5502: checking whether the compiler supports GNU C++
configure:5522: g++ -c   conftest.cpp >&5
configure:5522: $? = 0
configure:5534: result: yes
configure:5545: checking whether g++ accepts -g
configure:5566: g++ -c -g  conftest.cpp >&5
configure:5566: $? = 0
configure:5613: result: yes
configure:5633: checking for g++ option to enable C++11 features
configure:5648: g++  -c -g -O2  conftest.cpp >&5
conftest.cpp:57:3: error: "Compiler does not advertise C++11 conformance"
# error "Compiler does not advertise C++11 conformance"
  ^
conftest.cpp:62:3: error: unknown type name 'constexpr'
  constexpr int get_val() { return 20; }
  ^
conftest.cpp:74:17: error: delegating constructors are permitted only in C++11
    delegate(): delegate(2354) {}
                ^~~~~~~~
conftest.cpp:85:26: warning: 'override' keyword is a C++11 extension [-Wc++11-extensions]
    virtual int getval() override final { return this->n * 2; }
                         ^
conftest.cpp:85:35: warning: 'final' keyword is a C++11 extension [-Wc++11-extensions]
    virtual int getval() override final { return this->n * 2; }
                                  ^
conftest.cpp:92:16: warning: defaulted function definitions are a C++11 extension [-Wc++11-extensions]
    nocopy() = default;
               ^
conftest.cpp:93:29: warning: deleted function definitions are a C++11 extension [-Wc++11-extensions]
    nocopy(const nocopy&) = delete;
                            ^
conftest.cpp:94:41: warning: deleted function definitions are a C++11 extension [-Wc++11-extensions]
    nocopy & operator=(const nocopy&) = delete;
                                        ^
conftest.cpp:106:25: warning: 'auto' type specifier is a C++11 extension [-Wc++11-extensions]
  template <typename V> auto sum(V first) -> V
                        ^
conftest.cpp:106:25: error: 'auto' not allowed in function return type
  template <typename V> auto sum(V first) -> V
                        ^~~~
conftest.cpp:106:42: error: expected ';' at end of declaration
  template <typename V> auto sum(V first) -> V
                                         ^
                                         ;
conftest.cpp:106:43: error: cannot use arrow operator on a type
  template <typename V> auto sum(V first) -> V
                                          ^
conftest.cpp:110:33: warning: variadic templates are a C++11 extension [-Wc++11-extensions]
  template <typename V, typename... Args> auto sum(V first, Args... rest) -> V
                                ^
conftest.cpp:110:43: warning: 'auto' type specifier is a C++11 extension [-Wc++11-extensions]
  template <typename V, typename... Args> auto sum(V first, Args... rest) -> V
                                          ^
conftest.cpp:110:43: error: 'auto' not allowed in function return type
  template <typename V, typename... Args> auto sum(V first, Args... rest) -> V
                                          ^~~~
conftest.cpp:110:74: error: expected ';' at end of declaration
  template <typename V, typename... Args> auto sum(V first, Args... rest) -> V
                                                                         ^
                                                                         ;
conftest.cpp:110:75: error: cannot use arrow operator on a type
  template <typename V, typename... Args> auto sum(V first, Args... rest) -> V
                                                                          ^
conftest.cpp:134:3: warning: 'auto' type specifier is a C++11 extension [-Wc++11-extensions]
  auto a1 = 6538;
  ^
conftest.cpp:135:3: warning: 'auto' type specifier is a C++11 extension [-Wc++11-extensions]
  auto a2 = 48573953.4;
  ^
conftest.cpp:136:3: warning: 'auto' type specifier is a C++11 extension [-Wc++11-extensions]
  auto a3 = "String literal";
  ^
conftest.cpp:139:8: warning: 'auto' type specifier is a C++11 extension [-Wc++11-extensions]
  for (auto i = a3; *i; ++i) { total += *i; }
       ^
conftest.cpp:155:8: warning: 'auto' type specifier is a C++11 extension [-Wc++11-extensions]
  for (auto &x : array) { x += 23; }
       ^
conftest.cpp:155:16: warning: range-based for loop is a C++11 extension [-Wc++11-extensions]
  for (auto &x : array) { x += 23; }
               ^
conftest.cpp:160:17: error: expected expression
  assert (eval ([](int x) { return x*2; }, 21) == 42);
                ^
conftest.cpp:162:17: error: expected expression
  assert (eval ([&](double x) { return d += x; }, 3.0) == 5.0);
                ^
conftest.cpp:164:17: error: expected expression
  assert (eval ([=](double x) mutable { return d += x; }, 4.0) == 9.0);
                ^
conftest.cpp:170:3: warning: 'auto' type specifier is a C++11 extension [-Wc++11-extensions]
  auto a = sum(1);
  ^
conftest.cpp:170:12: error: no matching function for call to 'sum'
  auto a = sum(1);
           ^~~
conftest.cpp:171:3: warning: 'auto' type specifier is a C++11 extension [-Wc++11-extensions]
  auto b = sum(1, 2);
  ^
conftest.cpp:171:12: error: no matching function for call to 'sum'
  auto b = sum(1, 2);
           ^~~
conftest.cpp:172:3: warning: 'auto' type specifier is a C++11 extension [-Wc++11-extensions]
  auto c = sum(1.0, 2.0, 3.0);
  ^
conftest.cpp:172:12: error: no matching function for call to 'sum'
  auto c = sum(1.0, 2.0, 3.0);
           ^~~
conftest.cpp:177:25: warning: empty parentheses interpreted as a function declaration [-Wvexing-parse]
  cxx11test::delegate d2();
                        ^~
conftest.cpp:177:25: note: remove parentheses to declare a variable
  cxx11test::delegate d2();
                        ^~
conftest.cpp:190:16: error: found '<::' after a template name which forms the digraph '<:' (aka '[') and a ':', did you mean '< ::'?
  test_template<::test_template<int>> v(test_template<int>(12));
               ^~~
               < ::
conftest.cpp:190:36: error: a space is required between consecutive right angle brackets (use '> >')
  test_template<::test_template<int>> v(test_template<int>(12));
                                   ^~
                                   > >
conftest.cpp:194:22: error: use of undeclared identifier 'u8'
  char const *utf8 = u8"UTF-8 string \u2500";
                     ^
conftest.cpp:194:24: error: expected ';' at end of declaration
  char const *utf8 = u8"UTF-8 string \u2500";
                       ^
                       ;
fatal error: too many errors emitted, stopping now [-ferror-limit=]
18 warnings and 20 errors generated.
configure:5648: $? = 1
configure: failed program was:
| /* confdefs.h */
| #define PACKAGE_NAME "libffi"
| #define PACKAGE_TARNAME "libffi"
| #define PACKAGE_VERSION "3.4.6"
| #define PACKAGE_STRING "libffi 3.4.6"
| #define PACKAGE_BUGREPORT "http://github.com/libffi/libffi/issues"
| #define PACKAGE_URL ""
| #define PACKAGE "libffi"
| #define VERSION "3.4.6"
| /* end confdefs.h.  */
| 
| // Does the compiler advertise C++98 conformance?
| #if !defined __cplusplus || __cplusplus < 199711L
| # error "Compiler does not advertise C++98 conformance"
| #endif
| 
| // These inclusions are to reject old compilers that
| // lack the unsuffixed header files.
| #include <cstdlib>
| #include <exception>
| 
| // <cassert> and <cstring> are *not* freestanding headers in C++98.
| extern void assert (int);
| namespace std {
|   extern int strcmp (const char *, const char *);
| }
| 
| // Namespaces, exceptions, and templates were all added after "C++ 2.0".
| using std::exception;
| using std::strcmp;
| 
| namespace {
| 
| void test_exception_syntax()
| {
|   try {
|     throw "test";
|   } catch (const char *s) {
|     // Extra parentheses suppress a warning when building autoconf itself,
|     // due to lint rules shared with more typical C programs.
|     assert (!(strcmp) (s, "test"));
|   }
| }
| 
| template <typename T> struct test_template
| {
|   T const val;
|   explicit test_template(T t) : val(t) {}
|   template <typename U> T add(U u) { return static_cast<T>(u) + val; }
| };
| 
| } // anonymous namespace
| 
| 
| // Does the compiler advertise C++ 2011 conformance?
| #if !defined __cplusplus || __cplusplus < 201103L
| # error "Compiler does not advertise C++11 conformance"
| #endif
| 
| namespace cxx11test
| {
|   constexpr int get_val() { return 20; }
| 
|   struct testinit
|   {
|     int i;
|     double d;
|   };
| 
|   class delegate
|   {
|   public:
|     delegate(int n) : n(n) {}
|     delegate(): delegate(2354) {}
| 
|     virtual int getval() { return this->n; };
|   protected:
|     int n;
|   };
| 
|   class overridden : public delegate
|   {
|   public:
|     overridden(int n): delegate(n) {}
|     virtual int getval() override final { return this->n * 2; }
|   };
| 
|   class nocopy
|   {
|   public:
|     nocopy(int i): i(i) {}
|     nocopy() = default;
|     nocopy(const nocopy&) = delete;
|     nocopy & operator=(const nocopy&) = delete;
|   private:
|     int i;
|   };
| 
|   // for testing lambda expressions
|   template <typename Ret, typename Fn> Ret eval(Fn f, Ret v)
|   {
|     return f(v);
|   }
| 
|   // for testing variadic templates and trailing return types
|   template <typename V> auto sum(V first) -> V
|   {
|     return first;
|   }
|   template <typename V, typename... Args> auto sum(V first, Args... rest) -> V
|   {
|     return first + sum(rest...);
|   }
| }
| 
| 
| int
| main (int argc, char **argv)
| {
|   int ok = 0;
|   
|   assert (argc);
|   assert (! argv[0]);
| {
|   test_exception_syntax ();
|   test_template<double> tt (2.0);
|   assert (tt.add (4) == 6.0);
|   assert (true && !false);
| }
| 
|   
| {
|   // Test auto and decltype
|   auto a1 = 6538;
|   auto a2 = 48573953.4;
|   auto a3 = "String literal";
| 
|   int total = 0;
|   for (auto i = a3; *i; ++i) { total += *i; }
| 
|   decltype(a2) a4 = 34895.034;
| }
| {
|   // Test constexpr
|   short sa[cxx11test::get_val()] = { 0 };
| }
| {
|   // Test initializer lists
|   cxx11test::testinit il = { 4323, 435234.23544 };
| }
| {
|   // Test range-based for
|   int array[] = {9, 7, 13, 15, 4, 18, 12, 10, 5, 3,
|                  14, 19, 17, 8, 6, 20, 16, 2, 11, 1};
|   for (auto &x : array) { x += 23; }
| }
| {
|   // Test lambda expressions
|   using cxx11test::eval;
|   assert (eval ([](int x) { return x*2; }, 21) == 42);
|   double d = 2.0;
|   assert (eval ([&](double x) { return d += x; }, 3.0) == 5.0);
|   assert (d == 5.0);
|   assert (eval ([=](double x) mutable { return d += x; }, 4.0) == 9.0);
|   assert (d == 5.0);
| }
| {
|   // Test use of variadic templates
|   using cxx11test::sum;
|   auto a = sum(1);
|   auto b = sum(1, 2);
|   auto c = sum(1.0, 2.0, 3.0);
| }
| {
|   // Test constructor delegation
|   cxx11test::delegate d1;
|   cxx11test::delegate d2();
|   cxx11test::delegate d3(45);
| }
| {
|   // Test override and final
|   cxx11test::overridden o1(55464);
| }
| {
|   // Test nullptr
|   char *c = nullptr;
| }
| {
|   // Test template brackets
|   test_template<::test_template<int>> v(test_template<int>(12));
| }
| {
|   // Unicode literals
|   char const *utf8 = u8"UTF-8 string \u2500";
|   char16_t const *utf16 = u"UTF-8 string \u2500";
|   char32_t const *utf32 = U"UTF-32 string \u2500";
| }
| 
|   return ok;
| }
| 
configure:5648: g++ -std=gnu++11 -c -g -O2  conftest.cpp >&5
conftest.cpp:177:25: warning: empty parentheses interpreted as a function declaration [-Wvexing-parse]
  cxx11test::delegate d2();
                        ^~
conftest.cpp:177:25: note: remove parentheses to declare a variable
  cxx11test::delegate d2();
                        ^~
1 warning generated.
configure:5648: $? = 0
configure:5670: result: -std=gnu++11
configure:5738: checking dependency style of g++ -std=gnu++11
configure:5851: result: none
configure:5881: checking dependency style of xcrun clang
configure:5992: result: none
configure:6008: checking for grep that handles long lines and -e
configure:6074: result: /usr/bin/grep
configure:6079: checking for egrep
configure:6149: result: /usr/bin/grep -E
configure:6203: checking how to print strings
configure:6230: result: printf
configure:6251: checking for a sed that does not truncate output
configure:6323: result: /usr/bin/sed
configure:6341: checking for fgrep
configure:6411: result: /usr/bin/grep -F
configure:6448: checking for ld used by xcrun clang
configure:6517: result: ld
configure:6524: checking if the linker (ld) is GNU ld
configure:6541: result: no
configure:6553: checking for BSD- or MS-compatible name lister (nm)
configure:6609: result: no
configure:6623: checking for aarch64-apple-darwin23-dumpbin
configure:6659: result: no
configure:6623: checking for aarch64-apple-darwin23-link
configure:6659: result: no
configure:6673: checking for dumpbin
configure:6709: result: no
configure:6673: checking for link
configure:6694: found /bin/link
configure:6706: result: link -dump
configure:6751: checking the name lister (nm) interface
configure:6759: xcrun clang -c   conftest.c >&5
configure:6762: nm "conftest.o"
configure:6765: output
0000000000000000 S _some_variable
0000000000000000 t ltmp0
0000000000000000 s ltmp1
configure:6773: result: BSD nm
configure:6776: checking whether ln -s works
configure:6780: result: yes
configure:6788: checking the maximum length of command line arguments
configure:6921: result: 786432
configure:6969: checking how to convert aarch64-apple-darwin23.1.0 file names to aarch64-apple-darwin23 format
configure:7011: result: func_convert_file_noop
configure:7018: checking how to convert aarch64-apple-darwin23.1.0 file names to toolchain format
configure:7040: result: func_convert_file_noop
configure:7047: checking for ld option to reload object files
configure:7056: result: -r
configure:7090: checking for aarch64-apple-darwin23-file
configure:7126: result: no
configure:7136: checking for file
configure:7157: found /usr/bin/file
configure:7169: result: file
configure:7200: checking for aarch64-apple-darwin23-objdump
configure:7236: result: no
configure:7246: checking for objdump
configure:7267: found /usr/bin/objdump
configure:7279: result: objdump
configure:7311: checking how to recognize dependent libraries
configure:7513: result: pass_all
configure:7558: checking for aarch64-apple-darwin23-dlltool
configure:7594: result: no
configure:7604: checking for dlltool
configure:7640: result: no
configure:7670: checking how to associate runtime and link libraries
configure:7699: result: printf %s\n
configure:7716: checking for aarch64-apple-darwin23-ar
configure:7752: result: no
configure:7766: checking for ar
configure:7787: found /usr/bin/ar
configure:7799: result: ar
configure:7852: checking for archiver @FILE support
configure:7870: xcrun clang -c   conftest.c >&5
configure:7870: $? = 0
configure:7874: ar cr libconftest.a @conftest.lst >&5
ar: @conftest.lst: No such file or directory
configure:7877: $? = 1
configure:7898: result: no
configure:7916: checking for aarch64-apple-darwin23-strip
configure:7949: result: strip
configure:8027: checking for aarch64-apple-darwin23-ranlib
configure:8063: result: no
configure:8073: checking for ranlib
configure:8094: found /usr/bin/ranlib
configure:8106: result: ranlib
configure:8208: checking command to parse nm output from xcrun clang object
configure:8362: xcrun clang -c   conftest.c >&5
configure:8365: $? = 0
configure:8369: nm conftest.o | /usr/bin/sed -n -e 's/^.*[	 ]\([ABCDGIRSTW][ABCDGIRSTW]*\)[	 ][	 ]*\([_A-Za-z][_A-Za-z0-9]*\)$/\1 \2 \2/p' | /usr/bin/sed '/ __gnu_lto/d' > conftest.nm
cannot find nm_test_var in conftest.nm
configure:8362: xcrun clang -c   conftest.c >&5
configure:8365: $? = 0
configure:8369: nm conftest.o | /usr/bin/sed -n -e 's/^.*[	 ]\([ABCDGIRSTW][ABCDGIRSTW]*\)[	 ][	 ]*_\([_A-Za-z][_A-Za-z0-9]*\)$/\1 _\2 \2/p' | /usr/bin/sed '/ __gnu_lto/d' > conftest.nm
configure:8435: xcrun clang -o conftest    conftest.c conftstm.o >&5
configure:8438: $? = 0
configure:8477: result: ok
configure:8524: checking for sysroot
configure:8556: result: no
configure:8563: checking for a working dd
configure:8608: result: /bin/dd
configure:8612: checking how to truncate binary pipes
configure:8629: result: /bin/dd bs=4096 count=1
configure:8923: checking for aarch64-apple-darwin23-mt
configure:8959: result: no
configure:8969: checking for mt
configure:9005: result: no
configure:9025: checking if : is a manifest tool
configure:9032: : '-?'
configure:9041: result: no
configure:9057: checking for aarch64-apple-darwin23-dsymutil
configure:9093: result: no
configure:9103: checking for dsymutil
configure:9124: found /usr/bin/dsymutil
configure:9136: result: dsymutil
configure:9161: checking for aarch64-apple-darwin23-nmedit
configure:9197: result: no
configure:9207: checking for nmedit
configure:9228: found /usr/bin/nmedit
configure:9240: result: nmedit
configure:9265: checking for aarch64-apple-darwin23-lipo
configure:9301: result: no
configure:9311: checking for lipo
configure:9332: found /usr/bin/lipo
configure:9344: result: lipo
configure:9369: checking for aarch64-apple-darwin23-otool
configure:9405: result: no
configure:9415: checking for otool
configure:9436: found /usr/bin/otool
configure:9448: result: otool
configure:9473: checking for aarch64-apple-darwin23-otool64
configure:9509: result: no
configure:9519: checking for otool64
configure:9555: result: no
configure:9600: checking for -single_module linker flag
xcrun clang   -o libconftest.dylib -dynamiclib -Wl,-single_module conftest.c
ld: warning: -single_module is obsolete
configure:9635: result: no
configure:9638: checking for -exported_symbols_list linker flag
configure:9659: xcrun clang -o conftest    -Wl,-exported_symbols_list,conftest.sym conftest.c  >&5
configure:9659: $? = 0
configure:9672: result: yes
configure:9675: checking for -force_load linker flag
xcrun clang  -c -o conftest.o conftest.c
ar cr libconftest.a conftest.o
ranlib libconftest.a
xcrun clang   -o conftest conftest.c -Wl,-force_load,./libconftest.a
configure:9709: result: yes
configure:9780: checking for stdio.h
configure:9780: xcrun clang -c   conftest.c >&5
configure:9780: $? = 0
configure:9780: result: yes
configure:9780: checking for stdlib.h
configure:9780: xcrun clang -c   conftest.c >&5
configure:9780: $? = 0
configure:9780: result: yes
configure:9780: checking for string.h
configure:9780: xcrun clang -c   conftest.c >&5
configure:9780: $? = 0
configure:9780: result: yes
configure:9780: checking for inttypes.h
configure:9780: xcrun clang -c   conftest.c >&5
configure:9780: $? = 0
configure:9780: result: yes
configure:9780: checking for stdint.h
configure:9780: xcrun clang -c   conftest.c >&5
configure:9780: $? = 0
configure:9780: result: yes
configure:9780: checking for strings.h
configure:9780: xcrun clang -c   conftest.c >&5
configure:9780: $? = 0
configure:9780: result: yes
configure:9780: checking for sys/stat.h
configure:9780: xcrun clang -c   conftest.c >&5
configure:9780: $? = 0
configure:9780: result: yes
configure:9780: checking for sys/types.h
configure:9780: xcrun clang -c   conftest.c >&5
configure:9780: $? = 0
configure:9780: result: yes
configure:9780: checking for unistd.h
configure:9780: xcrun clang -c   conftest.c >&5
configure:9780: $? = 0
configure:9780: result: yes
configure:9805: checking for dlfcn.h
configure:9805: xcrun clang -c   conftest.c >&5
configure:9805: $? = 0
configure:9805: result: yes
configure:10081: checking for objdir
configure:10098: result: .libs
configure:10364: checking if xcrun clang supports -fno-rtti -fno-exceptions
configure:10383: xcrun clang -c   -fno-rtti -fno-exceptions conftest.c >&5
configure:10387: $? = 0
configure:10401: result: yes
configure:10765: checking for xcrun clang option to produce PIC
configure:10774: result: -fno-common -DPIC
configure:10782: checking if xcrun clang PIC flag -fno-common -DPIC works
configure:10801: xcrun clang -c   -fno-common -DPIC -DPIC conftest.c >&5
configure:10805: $? = 0
configure:10819: result: yes
configure:10848: checking if xcrun clang static flag -static works
configure:10878: result: no
configure:10893: checking if xcrun clang supports -c -o file.o
configure:10915: xcrun clang -c   -o out/conftest2.o conftest.c >&5
configure:10919: $? = 0
configure:10942: result: yes
configure:10950: checking if xcrun clang supports -c -o file.o
configure:10999: result: yes
configure:11032: checking whether the xcrun clang linker (ld) supports shared libraries
configure:12311: result: yes
configure:12553: checking dynamic linker characteristics
configure:13387: result: darwin23 dyld
configure:13509: checking how to hardcode library paths into programs
configure:13534: result: immediate
configure:14134: checking whether stripping libraries is possible
configure:14151: result: yes
configure:14185: checking if libtool supports shared libraries
configure:14187: result: yes
configure:14190: checking whether to build shared libraries
configure:14215: result: no
configure:14218: checking whether to build static libraries
configure:14222: result: yes
configure:14245: checking how to run the C++ preprocessor
configure:14267: g++ -std=gnu++11 -E  conftest.cpp
configure:14267: $? = 0
configure:14283: g++ -std=gnu++11 -E  conftest.cpp
conftest.cpp:23:10: fatal error: 'ac_nonexistent.h' file not found
#include <ac_nonexistent.h>
         ^~~~~~~~~~~~~~~~~~
1 error generated.
configure:14283: $? = 1
configure: failed program was:
| /* confdefs.h */
| #define PACKAGE_NAME "libffi"
| #define PACKAGE_TARNAME "libffi"
| #define PACKAGE_VERSION "3.4.6"
| #define PACKAGE_STRING "libffi 3.4.6"
| #define PACKAGE_BUGREPORT "http://github.com/libffi/libffi/issues"
| #define PACKAGE_URL ""
| #define PACKAGE "libffi"
| #define VERSION "3.4.6"
| #define HAVE_STDIO_H 1
| #define HAVE_STDLIB_H 1
| #define HAVE_STRING_H 1
| #define HAVE_INTTYPES_H 1
| #define HAVE_STDINT_H 1
| #define HAVE_STRINGS_H 1
| #define HAVE_SYS_STAT_H 1
| #define HAVE_SYS_TYPES_H 1
| #define HAVE_UNISTD_H 1
| #define STDC_HEADERS 1
| #define HAVE_DLFCN_H 1
| #define LT_OBJDIR ".libs/"
| /* end confdefs.h.  */
| #include <ac_nonexistent.h>
configure:14312: result: g++ -std=gnu++11 -E
configure:14326: g++ -std=gnu++11 -E  conftest.cpp
configure:14326: $? = 0
configure:14342: g++ -std=gnu++11 -E  conftest.cpp
conftest.cpp:23:10: fatal error: 'ac_nonexistent.h' file not found
#include <ac_nonexistent.h>
         ^~~~~~~~~~~~~~~~~~
1 error generated.
configure:14342: $? = 1
configure: failed program was:
| /* confdefs.h */
| #define PACKAGE_NAME "libffi"
| #define PACKAGE_TARNAME "libffi"
| #define PACKAGE_VERSION "3.4.6"
| #define PACKAGE_STRING "libffi 3.4.6"
| #define PACKAGE_BUGREPORT "http://github.com/libffi/libffi/issues"
| #define PACKAGE_URL ""
| #define PACKAGE "libffi"
| #define VERSION "3.4.6"
| #define HAVE_STDIO_H 1
| #define HAVE_STDLIB_H 1
| #define HAVE_STRING_H 1
| #define HAVE_INTTYPES_H 1
| #define HAVE_STDINT_H 1
| #define HAVE_STRINGS_H 1
| #define HAVE_SYS_STAT_H 1
| #define HAVE_SYS_TYPES_H 1
| #define HAVE_UNISTD_H 1
| #define STDC_HEADERS 1
| #define HAVE_DLFCN_H 1
| #define LT_OBJDIR ".libs/"
| /* end confdefs.h.  */
| #include <ac_nonexistent.h>
configure:14510: checking for ld used by g++ -std=gnu++11
configure:14579: result: ld
configure:14586: checking if the linker (ld) is GNU ld
configure:14603: result: no
configure:14658: checking whether the g++ -std=gnu++11 linker (ld) supports shared libraries
configure:15738: result: yes
configure:15774: g++ -std=gnu++11 -c -g -O2  conftest.cpp >&5
configure:15777: $? = 0
configure:16258: checking for g++ -std=gnu++11 option to produce PIC
configure:16267: result: -fno-common -DPIC
configure:16275: checking if g++ -std=gnu++11 PIC flag -fno-common -DPIC works
configure:16294: g++ -std=gnu++11 -c -g -O2  -fno-common -DPIC -DPIC conftest.cpp >&5
configure:16298: $? = 0
configure:16312: result: yes
configure:16335: checking if g++ -std=gnu++11 static flag -static works
configure:16365: result: no
configure:16377: checking if g++ -std=gnu++11 supports -c -o file.o
configure:16399: g++ -std=gnu++11 -c -g -O2  -o out/conftest2.o conftest.cpp >&5
configure:16403: $? = 0
configure:16426: result: yes
configure:16431: checking if g++ -std=gnu++11 supports -c -o file.o
configure:16480: result: yes
configure:16510: checking whether the g++ -std=gnu++11 linker (ld) supports shared libraries
configure:16553: result: yes
configure:16696: checking dynamic linker characteristics
configure:17457: result: darwin23 dyld
configure:17522: checking how to hardcode library paths into programs
configure:17547: result: immediate
configure:17613: checking for aarch64-apple-darwin23-readelf
configure:17649: result: no
configure:17659: checking for readelf
configure:17695: result: no
configure:17720: checking size of size_t
configure:17726: xcrun clang -o conftest    conftest.c  >&5
configure:17726: $? = 0
configure:17726: ./conftest
configure:17726: $? = 0
configure:17743: result: 8
configure:17752: checking for C compiler vendor
configure:17811: xcrun clang -c   conftest.c >&5
conftest.c:30:7: error: use of undeclared identifier 'thisisanerror'
      thisisanerror;
      ^
1 error generated.
configure:17811: $? = 1
configure: failed program was:
| /* confdefs.h */
| #define PACKAGE_NAME "libffi"
| #define PACKAGE_TARNAME "libffi"
| #define PACKAGE_VERSION "3.4.6"
| #define PACKAGE_STRING "libffi 3.4.6"
| #define PACKAGE_BUGREPORT "http://github.com/libffi/libffi/issues"
| #define PACKAGE_URL ""
| #define PACKAGE "libffi"
| #define VERSION "3.4.6"
| #define HAVE_STDIO_H 1
| #define HAVE_STDLIB_H 1
| #define HAVE_STRING_H 1
| #define HAVE_INTTYPES_H 1
| #define HAVE_STDINT_H 1
| #define HAVE_STRINGS_H 1
| #define HAVE_SYS_STAT_H 1
| #define HAVE_SYS_TYPES_H 1
| #define HAVE_UNISTD_H 1
| #define STDC_HEADERS 1
| #define HAVE_DLFCN_H 1
| #define LT_OBJDIR ".libs/"
| #define SIZEOF_SIZE_T 8
| /* end confdefs.h.  */
| 
| int
| main (void)
| {
| 
| #if !(defined(__ICC) || defined(__ECC) || defined(__INTEL_COMPILER))
|       thisisanerror;
| #endif
| 
|   ;
|   return 0;
| }
configure:17811: xcrun clang -c   conftest.c >&5
conftest.c:30:7: error: use of undeclared identifier 'thisisanerror'
      thisisanerror;
      ^
1 error generated.
configure:17811: $? = 1
configure: failed program was:
| /* confdefs.h */
| #define PACKAGE_NAME "libffi"
| #define PACKAGE_TARNAME "libffi"
| #define PACKAGE_VERSION "3.4.6"
| #define PACKAGE_STRING "libffi 3.4.6"
| #define PACKAGE_BUGREPORT "http://github.com/libffi/libffi/issues"
| #define PACKAGE_URL ""
| #define PACKAGE "libffi"
| #define VERSION "3.4.6"
| #define HAVE_STDIO_H 1
| #define HAVE_STDLIB_H 1
| #define HAVE_STRING_H 1
| #define HAVE_INTTYPES_H 1
| #define HAVE_STDINT_H 1
| #define HAVE_STRINGS_H 1
| #define HAVE_SYS_STAT_H 1
| #define HAVE_SYS_TYPES_H 1
| #define HAVE_UNISTD_H 1
| #define STDC_HEADERS 1
| #define HAVE_DLFCN_H 1
| #define LT_OBJDIR ".libs/"
| #define SIZEOF_SIZE_T 8
| /* end confdefs.h.  */
| 
| int
| main (void)
| {
| 
| #if !(defined(__xlc__) || defined(__xlC__) || defined(__IBMC__) || defined(__IBMCPP__) || defined(__ibmxl__))
|       thisisanerror;
| #endif
| 
|   ;
|   return 0;
| }
configure:17811: xcrun clang -c   conftest.c >&5
conftest.c:30:7: error: use of undeclared identifier 'thisisanerror'
      thisisanerror;
      ^
1 error generated.
configure:17811: $? = 1
configure: failed program was:
| /* confdefs.h */
| #define PACKAGE_NAME "libffi"
| #define PACKAGE_TARNAME "libffi"
| #define PACKAGE_VERSION "3.4.6"
| #define PACKAGE_STRING "libffi 3.4.6"
| #define PACKAGE_BUGREPORT "http://github.com/libffi/libffi/issues"
| #define PACKAGE_URL ""
| #define PACKAGE "libffi"
| #define VERSION "3.4.6"
| #define HAVE_STDIO_H 1
| #define HAVE_STDLIB_H 1
| #define HAVE_STRING_H 1
| #define HAVE_INTTYPES_H 1
| #define HAVE_STDINT_H 1
| #define HAVE_STRINGS_H 1
| #define HAVE_SYS_STAT_H 1
| #define HAVE_SYS_TYPES_H 1
| #define HAVE_UNISTD_H 1
| #define STDC_HEADERS 1
| #define HAVE_DLFCN_H 1
| #define LT_OBJDIR ".libs/"
| #define SIZEOF_SIZE_T 8
| /* end confdefs.h.  */
| 
| int
| main (void)
| {
| 
| #if !(defined(__PATHCC__) || defined(__PATHSCALE__))
|       thisisanerror;
| #endif
| 
|   ;
|   return 0;
| }
configure:17811: xcrun clang -c   conftest.c >&5
configure:17811: $? = 0
configure:17822: result: clang
configure:18747: checking CFLAGS for most reasonable warnings
configure:18834: : CFLAGS="$CFLAGS"
configure:18837: $? = 0
configure:18863: result: -Wall
configure:18886: checking whether to enable maintainer-specific portions of Makefiles
configure:18897: result: no
configure:18911: checking for sys/memfd.h
configure:18911: xcrun clang -c -Wall  -fexceptions  conftest.c >&5
conftest.c:52:10: fatal error: 'sys/memfd.h' file not found
#include <sys/memfd.h>
         ^~~~~~~~~~~~~
1 error generated.
configure:18911: $? = 1
configure: failed program was:
| /* confdefs.h */
| #define PACKAGE_NAME "libffi"
| #define PACKAGE_TARNAME "libffi"
| #define PACKAGE_VERSION "3.4.6"
| #define PACKAGE_STRING "libffi 3.4.6"
| #define PACKAGE_BUGREPORT "http://github.com/libffi/libffi/issues"
| #define PACKAGE_URL ""
| #define PACKAGE "libffi"
| #define VERSION "3.4.6"
| #define HAVE_STDIO_H 1
| #define HAVE_STDLIB_H 1
| #define HAVE_STRING_H 1
| #define HAVE_INTTYPES_H 1
| #define HAVE_STDINT_H 1
| #define HAVE_STRINGS_H 1
| #define HAVE_SYS_STAT_H 1
| #define HAVE_SYS_TYPES_H 1
| #define HAVE_UNISTD_H 1
| #define STDC_HEADERS 1
| #define HAVE_DLFCN_H 1
| #define LT_OBJDIR ".libs/"
| #define SIZEOF_SIZE_T 8
| /* end confdefs.h.  */
| #include <stddef.h>
| #ifdef HAVE_STDIO_H
| # include <stdio.h>
| #endif
| #ifdef HAVE_STDLIB_H
| # include <stdlib.h>
| #endif
| #ifdef HAVE_STRING_H
| # include <string.h>
| #endif
| #ifdef HAVE_INTTYPES_H
| # include <inttypes.h>
| #endif
| #ifdef HAVE_STDINT_H
| # include <stdint.h>
| #endif
| #ifdef HAVE_STRINGS_H
| # include <strings.h>
| #endif
| #ifdef HAVE_SYS_TYPES_H
| # include <sys/types.h>
| #endif
| #ifdef HAVE_SYS_STAT_H
| # include <sys/stat.h>
| #endif
| #ifdef HAVE_UNISTD_H
| # include <unistd.h>
| #endif
| #include <sys/memfd.h>
configure:18911: result: no
configure:18918: checking for memfd_create
configure:18918: xcrun clang -o conftest -Wall  -fexceptions   conftest.c  >&5
ld: Undefined symbols:
  _memfd_create, referenced from:
      _main in conftest-d46ed1.o
clang: error: linker command failed with exit code 1 (use -v to see invocation)
configure:18918: $? = 1
configure: failed program was:
| /* confdefs.h */
| #define PACKAGE_NAME "libffi"
| #define PACKAGE_TARNAME "libffi"
| #define PACKAGE_VERSION "3.4.6"
| #define PACKAGE_STRING "libffi 3.4.6"
| #define PACKAGE_BUGREPORT "http://github.com/libffi/libffi/issues"
| #define PACKAGE_URL ""
| #define PACKAGE "libffi"
| #define VERSION "3.4.6"
| #define HAVE_STDIO_H 1
| #define HAVE_STDLIB_H 1
| #define HAVE_STRING_H 1
| #define HAVE_INTTYPES_H 1
| #define HAVE_STDINT_H 1
| #define HAVE_STRINGS_H 1
| #define HAVE_SYS_STAT_H 1
| #define HAVE_SYS_TYPES_H 1
| #define HAVE_UNISTD_H 1
| #define STDC_HEADERS 1
| #define HAVE_DLFCN_H 1
| #define LT_OBJDIR ".libs/"
| #define SIZEOF_SIZE_T 8
| /* end confdefs.h.  */
| /* Define memfd_create to an innocuous variant, in case <limits.h> declares memfd_create.
|    For example, HP-UX 11i <limits.h> declares gettimeofday.  */
| #define memfd_create innocuous_memfd_create
| 
| /* System header to define __stub macros and hopefully few prototypes,
|    which can conflict with char memfd_create (void); below.  */
| 
| #include <limits.h>
| #undef memfd_create
| 
| /* Override any GCC internal prototype to avoid an error.
|    Use char because int might match the return type of a GCC
|    builtin and then its argument prototype would still apply.  */
| #ifdef __cplusplus
| extern "C"
| #endif
| char memfd_create (void);
| /* The GNU C library defines this for functions which it implements
|     to always fail with ENOSYS.  Some functions are actually named
|     something starting with __ and the normal name is an alias.  */
| #if defined __stub_memfd_create || defined __stub___memfd_create
| choke me
| #endif
| 
| int
| main (void)
| {
| return memfd_create ();
|   ;
|   return 0;
| }
configure:18918: result: no
configure:18950: checking for egrep
configure:19020: result: /usr/bin/grep -E
configure:19028: checking for memcpy
configure:19028: xcrun clang -o conftest -Wall  -fexceptions   conftest.c  >&5
conftest.c:40:6: warning: incompatible redeclaration of library function 'memcpy' [-Wincompatible-library-redeclaration]
char memcpy (void);
     ^
conftest.c:40:6: note: 'memcpy' is a builtin with type 'void *(void *, const void *, unsigned long)'
1 warning generated.
configure:19028: $? = 0
configure:19028: result: yes
configure:19035: checking for alloca.h
configure:19035: xcrun clang -c -Wall  -fexceptions  conftest.c >&5
configure:19035: $? = 0
configure:19035: result: yes
configure:19047: checking size of double
configure:19053: xcrun clang -o conftest -Wall  -fexceptions   conftest.c  >&5
configure:19053: $? = 0
configure:19053: ./conftest
configure:19053: $? = 0
configure:19070: result: 8
configure:19082: checking size of long double
configure:19088: xcrun clang -o conftest -Wall  -fexceptions   conftest.c  >&5
configure:19088: $? = 0
configure:19088: ./conftest
configure:19088: $? = 0
configure:19105: result: 8
configure:19136: checking whether byte ordering is bigendian
configure:19152: xcrun clang -c -Wall  -fexceptions  conftest.c >&5
configure:19152: $? = 0
configure:19198: xcrun clang -c -Wall  -fexceptions  conftest.c >&5
configure:19198: $? = 0
configure:19217: xcrun clang -c -Wall  -fexceptions  conftest.c >&5
conftest.c:35:4: error: use of undeclared identifier 'not'
                 not big endian
                 ^
1 error generated.
configure:19217: $? = 1
configure: failed program was:
| /* confdefs.h */
| #define PACKAGE_NAME "libffi"
| #define PACKAGE_TARNAME "libffi"
| #define PACKAGE_VERSION "3.4.6"
| #define PACKAGE_STRING "libffi 3.4.6"
| #define PACKAGE_BUGREPORT "http://github.com/libffi/libffi/issues"
| #define PACKAGE_URL ""
| #define PACKAGE "libffi"
| #define VERSION "3.4.6"
| #define HAVE_STDIO_H 1
| #define HAVE_STDLIB_H 1
| #define HAVE_STRING_H 1
| #define HAVE_INTTYPES_H 1
| #define HAVE_STDINT_H 1
| #define HAVE_STRINGS_H 1
| #define HAVE_SYS_STAT_H 1
| #define HAVE_SYS_TYPES_H 1
| #define HAVE_UNISTD_H 1
| #define STDC_HEADERS 1
| #define HAVE_DLFCN_H 1
| #define LT_OBJDIR ".libs/"
| #define SIZEOF_SIZE_T 8
| #define HAVE_MEMCPY 1
| #define HAVE_ALLOCA_H 1
| #define SIZEOF_DOUBLE 8
| #define SIZEOF_LONG_DOUBLE 8
| /* end confdefs.h.  */
| #include <sys/types.h>
| 		#include <sys/param.h>
| 
| int
| main (void)
| {
| #if BYTE_ORDER != BIG_ENDIAN
| 		 not big endian
| 		#endif
| 
|   ;
|   return 0;
| }
configure:19358: result: no
configure:19377: checking assembler .cfi pseudo-op support
configure:19396: xcrun clang -c -Wall  -fexceptions  conftest.c >&5
configure:19396: $? = 0
configure:19407: result: yes
configure:19554: checking whether compiler supports pointer authentication
configure:19583: xcrun clang -c -Wall  -fexceptions  conftest.c >&5
conftest.c:41:3: error: Pointer authentication not supported
# error Pointer authentication not supported
  ^
1 error generated.
configure:19583: $? = 1
configure: failed program was:
| /* confdefs.h */
| #define PACKAGE_NAME "libffi"
| #define PACKAGE_TARNAME "libffi"
| #define PACKAGE_VERSION "3.4.6"
| #define PACKAGE_STRING "libffi 3.4.6"
| #define PACKAGE_BUGREPORT "http://github.com/libffi/libffi/issues"
| #define PACKAGE_URL ""
| #define PACKAGE "libffi"
| #define VERSION "3.4.6"
| #define HAVE_STDIO_H 1
| #define HAVE_STDLIB_H 1
| #define HAVE_STRING_H 1
| #define HAVE_INTTYPES_H 1
| #define HAVE_STDINT_H 1
| #define HAVE_STRINGS_H 1
| #define HAVE_SYS_STAT_H 1
| #define HAVE_SYS_TYPES_H 1
| #define HAVE_UNISTD_H 1
| #define STDC_HEADERS 1
| #define HAVE_DLFCN_H 1
| #define LT_OBJDIR ".libs/"
| #define SIZEOF_SIZE_T 8
| #define HAVE_MEMCPY 1
| #define HAVE_ALLOCA_H 1
| #define SIZEOF_DOUBLE 8
| #define SIZEOF_LONG_DOUBLE 8
| #define HAVE_AS_CFI_PSEUDO_OP 1
| /* end confdefs.h.  */
| 
| int
| main (void)
| {
| 
| #ifdef __clang__
| # if __has_feature(ptrauth_calls)
| #  define HAVE_PTRAUTH 1
| # endif
| #endif
| 
| #ifndef HAVE_PTRAUTH
| # error Pointer authentication not supported
| #endif
| 
|   ;
|   return 0;
| }
configure:19594: result: no
configure:19620: checking for _ prefix in compiled symbols
configure:19631: xcrun clang -c -Wall  -fexceptions  conftest.c >&5
conftest.c:2:12: warning: expression result unused [-Wunused-value]
int main(){nm_test_func;return 0;}
           ^~~~~~~~~~~~
1 warning generated.
configure:19634: $? = 0
configure:19638: nm conftest.o \| /usr/bin/sed -n -e 's/^.*[	 ]\([ABCDGIRSTW][ABCDGIRSTW]*\)[	 ][	 ]*_\([_A-Za-z][_A-Za-z0-9]*\)$/\1 _\2 \2/p' | /usr/bin/sed '/ __gnu_lto/d' \> conftest.nm
configure:19641: $? = 0
configure:19664: result: yes
configure:19741: checking whether C compiler accepts -fno-lto
configure:19761: xcrun clang -c -Wall  -fexceptions  -fno-lto  conftest.c >&5
configure:19761: $? = 0
configure:19772: result: yes
configure:19783: checking whether .eh_frame section should be read-only
configure:19801: result: yes
configure:19816: checking for __attribute__((visibility("hidden")))
configure:19826: xcrun clang -Werror -S conftest.c -o conftest.s 1>&5
configure:19829: $? = 0
configure:19839: result: yes
configure:20322: versioning on shared library symbols is no
configure:20443: checking that generated files are newer than configure
configure:20449: result: done
configure:20517: creating ./config.status

## ---------------------- ##
## Running config.status. ##
## ---------------------- ##

This file was extended by libffi config.status 3.4.6, which was
generated by GNU Autoconf 2.72.  Invocation command line was

  CONFIG_FILES    = 
  CONFIG_HEADERS  = 
  CONFIG_LINKS    = 
  CONFIG_COMMANDS = 
  $ ./config.status 

on TechnoTackles-MacBook-Air.local

config.status:1217: creating include/Makefile
config.status:1217: creating include/ffi.h
config.status:1217: creating Makefile
config.status:1217: creating testsuite/Makefile
config.status:1217: creating man/Makefile
config.status:1217: creating doc/Makefile
config.status:1217: creating libffi.pc
config.status:1217: creating fficonfig.h
config.status:1431: executing buildir commands
config.status:1444: skipping top_srcdir/Makefile - not created
config.status:1431: executing depfiles commands
config.status:1431: executing libtool commands
config.status:1431: executing include commands
config.status:1431: executing src commands

## ---------------- ##
## Cache variables. ##
## ---------------- ##

ac_cv_build=aarch64-apple-darwin23.1.0
ac_cv_c_bigendian=no
ac_cv_c_compiler_gnu=yes
ac_cv_cflags_warn_all=-Wall
ac_cv_cxx_compiler_gnu=yes
ac_cv_env_CCASFLAGS_set=
ac_cv_env_CCASFLAGS_value=
ac_cv_env_CCAS_set=
ac_cv_env_CCAS_value=
ac_cv_env_CPPFLAGS_set=
ac_cv_env_CPPFLAGS_value=
ac_cv_env_CXXCPP_set=
ac_cv_env_CXXCPP_value=
ac_cv_env_LT_SYS_LIBRARY_PATH_set=
ac_cv_env_LT_SYS_LIBRARY_PATH_value=
ac_cv_env_build_alias_set=
ac_cv_env_build_alias_value=
ac_cv_env_host_alias_set=set
ac_cv_env_host_alias_value=aarch64-apple-darwin23
ac_cv_env_target_alias_set=
ac_cv_env_target_alias_value=
ac_cv_func_memcpy=yes
ac_cv_func_memfd_create=no
ac_cv_header_alloca_h=yes
ac_cv_header_dlfcn_h=yes
ac_cv_header_inttypes_h=yes
ac_cv_header_stdint_h=yes
ac_cv_header_stdio_h=yes
ac_cv_header_stdlib_h=yes
ac_cv_header_string_h=yes
ac_cv_header_strings_h=yes
ac_cv_header_sys_memfd_h=no
ac_cv_header_sys_stat_h=yes
ac_cv_header_sys_types_h=yes
ac_cv_header_unistd_h=yes
ac_cv_host=aarch64-apple-darwin23
ac_cv_objext=o
ac_cv_path_EGREP='/usr/bin/grep -E'
ac_cv_path_EGREP_TRADITIONAL='/usr/bin/grep -E'
ac_cv_path_FGREP='/usr/bin/grep -F'
ac_cv_path_GREP=/usr/bin/grep
ac_cv_path_SED=/usr/bin/sed
ac_cv_path_ax_enable_builddir_sed=sed
ac_cv_path_install='/usr/bin/install -c'
ac_cv_path_lt_DD=/bin/dd
ac_cv_prog_AWK=awk
ac_cv_prog_CC='xcrun clang'
ac_cv_prog_CXXCPP='g++ -std=gnu++11 -E'
ac_cv_prog_STRIP=strip
ac_cv_prog_ac_ct_AR=ar
ac_cv_prog_ac_ct_CXX=g++
ac_cv_prog_ac_ct_DSYMUTIL=dsymutil
ac_cv_prog_ac_ct_DUMPBIN='link -dump'
ac_cv_prog_ac_ct_FILECMD=file
ac_cv_prog_ac_ct_LIPO=lipo
ac_cv_prog_ac_ct_NMEDIT=nmedit
ac_cv_prog_ac_ct_OBJDUMP=objdump
ac_cv_prog_ac_ct_OTOOL=otool
ac_cv_prog_ac_ct_RANLIB=ranlib
ac_cv_prog_ac_ct_STRIP=strip
ac_cv_prog_cc_c11=
ac_cv_prog_cc_g=yes
ac_cv_prog_cc_stdc=
ac_cv_prog_cxx_cxx11=-std=gnu++11
ac_cv_prog_cxx_g=yes
ac_cv_prog_cxx_stdcxx=-std=gnu++11
ac_cv_prog_make_make_set=yes
ac_cv_sizeof_double=8
ac_cv_sizeof_long_double=8
ac_cv_sizeof_size_t=8
ac_cv_target=aarch64-apple-darwin23
am_cv_CCAS_dependencies_compiler_type=none
am_cv_CC_dependencies_compiler_type=none
am_cv_CXX_dependencies_compiler_type=none
am_cv_make_support_nested_variables=yes
am_cv_prog_cc_c_o=yes
ax_cv_c_compiler_vendor=clang
ax_cv_check_cflags___fno_lto=yes
gcc_cv_as_cfi_pseudo_op=yes
libffi_cv_as_ptrauth=no
libffi_cv_hidden_visibility_attribute=yes
libffi_cv_no_lto=-fno-lto
libffi_cv_ro_eh_frame=yes
lt_cv_apple_cc_single_mod=no
lt_cv_ar_at_file=no
lt_cv_deplibs_check_method=pass_all
lt_cv_file_magic_cmd='$MAGIC_CMD'
lt_cv_file_magic_test_file=
lt_cv_ld_exported_symbols_list=yes
lt_cv_ld_force_load=yes
lt_cv_ld_reload_flag=-r
lt_cv_nm_interface='BSD nm'
lt_cv_objdir=.libs
lt_cv_path_LD=ld
lt_cv_path_LDCXX=ld
lt_cv_path_NM=no
lt_cv_path_mainfest_tool=no
lt_cv_prog_compiler_c_o=yes
lt_cv_prog_compiler_c_o_CXX=yes
lt_cv_prog_compiler_pic='-fno-common -DPIC'
lt_cv_prog_compiler_pic_CXX='-fno-common -DPIC'
lt_cv_prog_compiler_pic_works=yes
lt_cv_prog_compiler_pic_works_CXX=yes
lt_cv_prog_compiler_rtti_exceptions=yes
lt_cv_prog_compiler_static_works=no
lt_cv_prog_compiler_static_works_CXX=no
lt_cv_prog_gnu_ld=no
lt_cv_prog_gnu_ldcxx=no
lt_cv_sharedlib_from_linklib_cmd='printf %s\n'
lt_cv_sys_global_symbol_pipe='/usr/bin/sed -n -e '\''s/^.*[	 ]\([ABCDGIRSTW][ABCDGIRSTW]*\)[	 ][	 ]*_\([_A-Za-z][_A-Za-z0-9]*\)$/\1 _\2 \2/p'\'' | /usr/bin/sed '\''/ __gnu_lto/d'\'''
lt_cv_sys_global_symbol_to_c_name_address='/usr/bin/sed -n -e '\''s/^: \(.*\) .*$/  {"\1", (void *) 0},/p'\'' -e '\''s/^[ABCDGIRSTW][ABCDGIRSTW]* .* \(.*\)$/  {"\1", (void *) \&\1},/p'\'''
lt_cv_sys_global_symbol_to_c_name_address_lib_prefix='/usr/bin/sed -n -e '\''s/^: \(.*\) .*$/  {"\1", (void *) 0},/p'\'' -e '\''s/^[ABCDGIRSTW][ABCDGIRSTW]* .* \(lib.*\)$/  {"\1", (void *) \&\1},/p'\'' -e '\''s/^[ABCDGIRSTW][ABCDGIRSTW]* .* \(.*\)$/  {"lib\1", (void *) \&\1},/p'\'''
lt_cv_sys_global_symbol_to_cdecl='/usr/bin/sed -n -e '\''s/^T .* \(.*\)$/extern int \1();/p'\'' -e '\''s/^[ABCDGIRSTW][ABCDGIRSTW]* .* \(.*\)$/extern char \1;/p'\'''
lt_cv_sys_global_symbol_to_import=
lt_cv_sys_max_cmd_len=786432
lt_cv_sys_symbol_underscore=yes
lt_cv_to_host_file_cmd=func_convert_file_noop
lt_cv_to_tool_file_cmd=func_convert_file_noop
lt_cv_truncate_bin='/bin/dd bs=4096 count=1'

## ----------------- ##
## Output variables. ##
## ----------------- ##

ACLOCAL='${SHELL} '\''/Users/technotackle/StockAxis/vendor/bundle/ruby/2.6.0/gems/ffi-1.17.1/ext/ffi_c/libffi/missing'\'' aclocal-1.16'
AMDEPBACKSLASH=''
AMDEP_FALSE=''
AMDEP_TRUE='#'
AMTAR='$${TAR-tar}'
AM_BACKSLASH='\'
AM_DEFAULT_V='$(AM_DEFAULT_VERBOSITY)'
AM_DEFAULT_VERBOSITY='1'
AM_LTLDFLAGS=''
AM_RUNTESTFLAGS=''
AM_V='$(V)'
AR='ar'
AUTOCONF='${SHELL} '\''/Users/technotackle/StockAxis/vendor/bundle/ruby/2.6.0/gems/ffi-1.17.1/ext/ffi_c/libffi/missing'\'' autoconf'
AUTOHEADER='${SHELL} '\''/Users/technotackle/StockAxis/vendor/bundle/ruby/2.6.0/gems/ffi-1.17.1/ext/ffi_c/libffi/missing'\'' autoheader'
AUTOMAKE='${SHELL} '\''/Users/technotackle/StockAxis/vendor/bundle/ruby/2.6.0/gems/ffi-1.17.1/ext/ffi_c/libffi/missing'\'' automake-1.16'
AWK='awk'
BUILD_DOCS_FALSE=''
BUILD_DOCS_TRUE='#'
CC='xcrun clang'
CCAS='xcrun clang'
CCASDEPMODE='depmode=none'
CCASFLAGS=''
CCDEPMODE='depmode=none'
CFLAGS='-Wall  -fexceptions'
CPPFLAGS=''
CSCOPE='cscope'
CTAGS='ctags'
CXX='g++ -std=gnu++11'
CXXCPP='g++ -std=gnu++11 -E'
CXXDEPMODE='depmode=none'
CXXFLAGS='-g -O2'
CYGPATH_W='echo'
DEFS='-DHAVE_CONFIG_H'
DEPDIR='.deps'
DLLTOOL='false'
DSYMUTIL='dsymutil'
DUMPBIN=':'
ECHO_C='\c'
ECHO_N=''
ECHO_T=''
EGREP='/usr/bin/grep -E'
ETAGS='etags'
EXEEXT=''
FFI_DEBUG_FALSE=''
FFI_DEBUG_TRUE='#'
FFI_EXEC_TRAMPOLINE_TABLE='1'
FFI_EXEC_TRAMPOLINE_TABLE_FALSE='#'
FFI_EXEC_TRAMPOLINE_TABLE_TRUE=''
FGREP='/usr/bin/grep -F'
FILECMD='file'
GREP='/usr/bin/grep'
HAVE_LONG_DOUBLE='0'
HAVE_LONG_DOUBLE_VARIANT='0'
INSTALL_DATA='${INSTALL} -m 644'
INSTALL_PROGRAM='${INSTALL}'
INSTALL_SCRIPT='${INSTALL}'
INSTALL_STRIP_PROGRAM='$(install_sh) -c -s'
LD='ld'
LDFLAGS=''
LIBFFI_BUILD_VERSIONED_SHLIB_FALSE=''
LIBFFI_BUILD_VERSIONED_SHLIB_GNU_FALSE=''
LIBFFI_BUILD_VERSIONED_SHLIB_GNU_TRUE='#'
LIBFFI_BUILD_VERSIONED_SHLIB_SUN_FALSE=''
LIBFFI_BUILD_VERSIONED_SHLIB_SUN_TRUE='#'
LIBFFI_BUILD_VERSIONED_SHLIB_TRUE='#'
LIBOBJS=''
LIBS=''
LIBTOOL='$(SHELL) $(top_builddir)/libtool'
LIPO='lipo'
LN_S='ln -s'
LTLIBOBJS=''
LT_SYS_LIBRARY_PATH=''
MAINT='#'
MAINTAINER_MODE_FALSE=''
MAINTAINER_MODE_TRUE='#'
MAKEINFO='${SHELL} '\''/Users/technotackle/StockAxis/vendor/bundle/ruby/2.6.0/gems/ffi-1.17.1/ext/ffi_c/libffi/missing'\'' makeinfo'
MANIFEST_TOOL=':'
MKDIR_P='mkdir -p'
NM='nm'
NMEDIT='nmedit'
OBJDUMP='objdump'
OBJEXT='o'
OPT_LDFLAGS=''
OTOOL64=':'
OTOOL='otool'
PACKAGE='libffi'
PACKAGE_BUGREPORT='http://github.com/libffi/libffi/issues'
PACKAGE_NAME='libffi'
PACKAGE_STRING='libffi 3.4.6'
PACKAGE_TARNAME='libffi'
PACKAGE_URL=''
PACKAGE_VERSION='3.4.6'
PATH_SEPARATOR=':'
PRTDIAG=''
RANLIB='ranlib'
READELF=''
SECTION_LDFLAGS=''
SED='/usr/bin/sed'
SET_MAKE=''
SHELL='/bin/sh'
STRIP='strip'
TARGET='AARCH64'
TARGETDIR='aarch64'
TARGET_OBJ=' src/aarch64/ffi.lo src/aarch64/sysv.lo'
TESTSUBDIR_FALSE='#'
TESTSUBDIR_TRUE=''
VERSION='3.4.6'
ac_ct_AR='ar'
ac_ct_CC=''
ac_ct_CXX='g++'
ac_ct_DUMPBIN='link -dump'
am__EXEEXT_FALSE=''
am__EXEEXT_TRUE='#'
am__fastdepCCAS_FALSE=''
am__fastdepCCAS_TRUE='#'
am__fastdepCC_FALSE=''
am__fastdepCC_TRUE='#'
am__fastdepCXX_FALSE=''
am__fastdepCXX_TRUE='#'
am__include='include'
am__isrc=' -I$(srcdir)'
am__leading_dot='.'
am__nodep=''
am__quote=''
am__tar='$${TAR-tar} chof - "$$tardir"'
am__untar='$${TAR-tar} xf -'
ax_enable_builddir_sed='sed'
bindir='${exec_prefix}/bin'
build='aarch64-apple-darwin23.1.0'
build_alias=''
build_cpu='aarch64'
build_os='darwin23.1.0'
build_vendor='apple'
datadir='${datarootdir}'
datarootdir='${prefix}/share'
docdir='${datarootdir}/doc/${PACKAGE_TARNAME}'
dvidir='${docdir}'
exec_prefix='${prefix}'
host='aarch64-apple-darwin23'
host_alias='aarch64-apple-darwin23'
host_cpu='aarch64'
host_os='darwin23'
host_vendor='apple'
htmldir='${docdir}'
includedir='${prefix}/include'
infodir='${datarootdir}/info'
install_sh='${SHELL} /Users/technotackle/StockAxis/vendor/bundle/ruby/2.6.0/gems/ffi-1.17.1/ext/ffi_c/libffi/install-sh'
libdir='${exec_prefix}/lib'
libexecdir='${exec_prefix}/libexec'
localedir='${datarootdir}/locale'
localstatedir='${prefix}/var'
mandir='${datarootdir}/man'
mkdir_p='$(MKDIR_P)'
oldincludedir='/usr/include'
pdfdir='${docdir}'
prefix='/usr/local'
program_transform_name='s,x,x,'
psdir='${docdir}'
runstatedir='${localstatedir}/run'
sbindir='${exec_prefix}/sbin'
sharedstatedir='${prefix}/com'
sys_symbol_underscore='yes'
sysconfdir='${prefix}/etc'
target='aarch64-apple-darwin23'
target_alias='aarch64-apple-darwin23'
target_cpu='aarch64'
target_os='darwin23'
target_vendor='apple'
tmake_file=''
toolexecdir='${libdir}/gcc-lib/$(target_alias)'
toolexeclibdir='${libdir}'

## ----------- ##
## confdefs.h. ##
## ----------- ##

/* confdefs.h */
#define PACKAGE_NAME "libffi"
#define PACKAGE_TARNAME "libffi"
#define PACKAGE_VERSION "3.4.6"
#define PACKAGE_STRING "libffi 3.4.6"
#define PACKAGE_BUGREPORT "http://github.com/libffi/libffi/issues"
#define PACKAGE_URL ""
#define PACKAGE "libffi"
#define VERSION "3.4.6"
#define HAVE_STDIO_H 1
#define HAVE_STDLIB_H 1
#define HAVE_STRING_H 1
#define HAVE_INTTYPES_H 1
#define HAVE_STDINT_H 1
#define HAVE_STRINGS_H 1
#define HAVE_SYS_STAT_H 1
#define HAVE_SYS_TYPES_H 1
#define HAVE_UNISTD_H 1
#define STDC_HEADERS 1
#define HAVE_DLFCN_H 1
#define LT_OBJDIR ".libs/"
#define SIZEOF_SIZE_T 8
#define HAVE_MEMCPY 1
#define HAVE_ALLOCA_H 1
#define SIZEOF_DOUBLE 8
#define SIZEOF_LONG_DOUBLE 8
#define HAVE_AS_CFI_PSEUDO_OP 1
#define SYMBOL_UNDERSCORE 1
#define FFI_EXEC_TRAMPOLINE_TABLE 1
#define HAVE_RO_EH_FRAME 1
#define EH_FRAME_FLAGS "a"
#define HAVE_HIDDEN_VISIBILITY_ATTRIBUTE 1

configure: exit 0
